<?xml version="1.0" encoding="UTF-8"?>
<testsuite xmlns:xsi="http://www.w3.org/2001/XMLSchema-instance" xsi:noNamespaceSchemaLocation="https://maven.apache.org/surefire/maven-surefire-plugin/xsd/surefire-test-report-3.0.xsd" version="3.0" name="me.libraryaddict.disguise.utilities.DisguiseTypesTest" time="0.976" tests="257" errors="0" skipped="0" failures="0">
  <properties>
[...]
</properties>
  <testcase name="testDisguiseType(EntityType)[1]" classname="me.libraryaddict.disguise.utilities.DisguiseTypesTest" time="0.063"/>
  <testcase name="testDisguiseType(EntityType)[2]" classname="me.libraryaddict.disguise.utilities.DisguiseTypesTest" time="0.001"/>
  <testcase name="testDisguiseType(EntityType)[3]" classname="me.libraryaddict.disguise.utilities.DisguiseTypesTest" time="0.001"/>
  <testcase name="testDisguiseType(EntityType)[4]" classname="me.libraryaddict.disguise.utilities.DisguiseTypesTest" time="0.001"/>
  <testcase name="testDisguiseType(EntityType)[5]" classname="me.libraryaddict.disguise.utilities.DisguiseTypesTest" time="0.001"/>
  <testcase name="testDisguiseType(EntityType)[6]" classname="me.libraryaddict.disguise.utilities.DisguiseTypesTest" time="0.0"/>
  <testcase name="testDisguiseType(EntityType)[7]" classname="me.libraryaddict.disguise.utilities.DisguiseTypesTest" time="0.001"/>
  <testcase name="testDisguiseType(EntityType)[8]" classname="me.libraryaddict.disguise.utilities.DisguiseTypesTest" time="0.001"/>
  <testcase name="testDisguiseType(EntityType)[9]" classname="me.libraryaddict.disguise.utilities.DisguiseTypesTest" time="0.001"/>
  <testcase name="testDisguiseType(EntityType)[10]" classname="me.libraryaddict.disguise.utilities.DisguiseTypesTest" time="0.001"/>
  <testcase name="testDisguiseType(EntityType)[11]" classname="me.libraryaddict.disguise.utilities.DisguiseTypesTest" time="0.002"/>
  <testcase name="testDisguiseType(EntityType)[12]" classname="me.libraryaddict.disguise.utilities.DisguiseTypesTest" time="0.001"/>
  <testcase name="testDisguiseType(EntityType)[13]" classname="me.libraryaddict.disguise.utilities.DisguiseTypesTest" time="0.001"/>
  <testcase name="testDisguiseType(EntityType)[14]" classname="me.libraryaddict.disguise.utilities.DisguiseTypesTest" time="0.001"/>
  <testcase name="testDisguiseType(EntityType)[15]" classname="me.libraryaddict.disguise.utilities.DisguiseTypesTest" time="0.001"/>
  <testcase name="testDisguiseType(EntityType)[16]" classname="me.libraryaddict.disguise.utilities.DisguiseTypesTest" time="0.0"/>
  <testcase name="testDisguiseType(EntityType)[17]" classname="me.libraryaddict.disguise.utilities.DisguiseTypesTest" time="0.001"/>
  <testcase name="testDisguiseType(EntityType)[18]" classname="me.libraryaddict.disguise.utilities.DisguiseTypesTest" time="0.001"/>
  <testcase name="testDisguiseType(EntityType)[19]" classname="me.libraryaddict.disguise.utilities.DisguiseTypesTest" time="0.001"/>
  <testcase name="testDisguiseType(EntityType)[20]" classname="me.libraryaddict.disguise.utilities.DisguiseTypesTest" time="0.001"/>
  <testcase name="testDisguiseType(EntityType)[21]" classname="me.libraryaddict.disguise.utilities.DisguiseTypesTest" time="0.001"/>
  <testcase name="testDisguiseType(EntityType)[22]" classname="me.libraryaddict.disguise.utilities.DisguiseTypesTest" time="0.001"/>
  <testcase name="testDisguiseType(EntityType)[23]" classname="me.libraryaddict.disguise.utilities.DisguiseTypesTest" time="0.001"/>
  <testcase name="testDisguiseType(EntityType)[24]" classname="me.libraryaddict.disguise.utilities.DisguiseTypesTest" time="0.001"/>
  <testcase name="testDisguiseType(EntityType)[25]" classname="me.libraryaddict.disguise.utilities.DisguiseTypesTest" time="0.001"/>
  <testcase name="testDisguiseType(EntityType)[26]" classname="me.libraryaddict.disguise.utilities.DisguiseTypesTest" time="0.001"/>
  <testcase name="testDisguiseType(EntityType)[27]" classname="me.libraryaddict.disguise.utilities.DisguiseTypesTest" time="0.001"/>
  <testcase name="testDisguiseType(EntityType)[28]" classname="me.libraryaddict.disguise.utilities.DisguiseTypesTest" time="0.001"/>
  <testcase name="testDisguiseType(EntityType)[29]" classname="me.libraryaddict.disguise.utilities.DisguiseTypesTest" time="0.001"/>
  <testcase name="testDisguiseType(EntityType)[30]" classname="me.libraryaddict.disguise.utilities.DisguiseTypesTest" time="0.001"/>
  <testcase name="testDisguiseType(EntityType)[31]" classname="me.libraryaddict.disguise.utilities.DisguiseTypesTest" time="0.001"/>
  <testcase name="testDisguiseType(EntityType)[32]" classname="me.libraryaddict.disguise.utilities.DisguiseTypesTest" time="0.001"/>
  <testcase name="testDisguiseType(EntityType)[33]" classname="me.libraryaddict.disguise.utilities.DisguiseTypesTest" time="0.0"/>
  <testcase name="testDisguiseType(EntityType)[34]" classname="me.libraryaddict.disguise.utilities.DisguiseTypesTest" time="0.001"/>
  <testcase name="testDisguiseType(EntityType)[35]" classname="me.libraryaddict.disguise.utilities.DisguiseTypesTest" time="0.001"/>
  <testcase name="testDisguiseType(EntityType)[36]" classname="me.libraryaddict.disguise.utilities.DisguiseTypesTest" time="0.001"/>
  <testcase name="testDisguiseType(EntityType)[37]" classname="me.libraryaddict.disguise.utilities.DisguiseTypesTest" time="0.001"/>
  <testcase name="testDisguiseType(EntityType)[38]" classname="me.libraryaddict.disguise.utilities.DisguiseTypesTest" time="0.001"/>
  <testcase name="testDisguiseType(EntityType)[39]" classname="me.libraryaddict.disguise.utilities.DisguiseTypesTest" time="0.001"/>
  <testcase name="testDisguiseType(EntityType)[40]" classname="me.libraryaddict.disguise.utilities.DisguiseTypesTest" time="0.0"/>
  <testcase name="testDisguiseType(EntityType)[41]" classname="me.libraryaddict.disguise.utilities.DisguiseTypesTest" time="0.001"/>
  <testcase name="testDisguiseType(EntityType)[42]" classname="me.libraryaddict.disguise.utilities.DisguiseTypesTest" time="0.001"/>
  <testcase name="testDisguiseType(EntityType)[43]" classname="me.libraryaddict.disguise.utilities.DisguiseTypesTest" time="0.001"/>
  <testcase name="testDisguiseType(EntityType)[44]" classname="me.libraryaddict.disguise.utilities.DisguiseTypesTest" time="0.001"/>
  <testcase name="testDisguiseType(EntityType)[45]" classname="me.libraryaddict.disguise.utilities.DisguiseTypesTest" time="0.001"/>
  <testcase name="testDisguiseType(EntityType)[46]" classname="me.libraryaddict.disguise.utilities.DisguiseTypesTest" time="0.0"/>
  <testcase name="testDisguiseType(EntityType)[47]" classname="me.libraryaddict.disguise.utilities.DisguiseTypesTest" time="0.001"/>
  <testcase name="testDisguiseType(EntityType)[48]" classname="me.libraryaddict.disguise.utilities.DisguiseTypesTest" time="0.001"/>
  <testcase name="testDisguiseType(EntityType)[49]" classname="me.libraryaddict.disguise.utilities.DisguiseTypesTest" time="0.0"/>
  <testcase name="testDisguiseType(EntityType)[50]" classname="me.libraryaddict.disguise.utilities.DisguiseTypesTest" time="0.001"/>
  <testcase name="testDisguiseType(EntityType)[51]" classname="me.libraryaddict.disguise.utilities.DisguiseTypesTest" time="0.001"/>
  <testcase name="testDisguiseType(EntityType)[52]" classname="me.libraryaddict.disguise.utilities.DisguiseTypesTest" time="0.001"/>
  <testcase name="testDisguiseType(EntityType)[53]" classname="me.libraryaddict.disguise.utilities.DisguiseTypesTest" time="0.001"/>
  <testcase name="testDisguiseType(EntityType)[54]" classname="me.libraryaddict.disguise.utilities.DisguiseTypesTest" time="0.001"/>
  <testcase name="testDisguiseType(EntityType)[55]" classname="me.libraryaddict.disguise.utilities.DisguiseTypesTest" time="0.0"/>
  <testcase name="testDisguiseType(EntityType)[56]" classname="me.libraryaddict.disguise.utilities.DisguiseTypesTest" time="0.001"/>
  <testcase name="testDisguiseType(EntityType)[57]" classname="me.libraryaddict.disguise.utilities.DisguiseTypesTest" time="0.0"/>
  <testcase name="testDisguiseType(EntityType)[58]" classname="me.libraryaddict.disguise.utilities.DisguiseTypesTest" time="0.0"/>
  <testcase name="testDisguiseType(EntityType)[59]" classname="me.libraryaddict.disguise.utilities.DisguiseTypesTest" time="0.001"/>
  <testcase name="testDisguiseType(EntityType)[60]" classname="me.libraryaddict.disguise.utilities.DisguiseTypesTest" time="0.001"/>
  <testcase name="testDisguiseType(EntityType)[61]" classname="me.libraryaddict.disguise.utilities.DisguiseTypesTest" time="0.001"/>
  <testcase name="testDisguiseType(EntityType)[62]" classname="me.libraryaddict.disguise.utilities.DisguiseTypesTest" time="0.001"/>
  <testcase name="testDisguiseType(EntityType)[63]" classname="me.libraryaddict.disguise.utilities.DisguiseTypesTest" time="0.001"/>
  <testcase name="testDisguiseType(EntityType)[64]" classname="me.libraryaddict.disguise.utilities.DisguiseTypesTest" time="0.001"/>
  <testcase name="testDisguiseType(EntityType)[65]" classname="me.libraryaddict.disguise.utilities.DisguiseTypesTest" time="0.001"/>
  <testcase name="testDisguiseType(EntityType)[66]" classname="me.libraryaddict.disguise.utilities.DisguiseTypesTest" time="0.0"/>
  <testcase name="testDisguiseType(EntityType)[67]" classname="me.libraryaddict.disguise.utilities.DisguiseTypesTest" time="0.001"/>
  <testcase name="testDisguiseType(EntityType)[68]" classname="me.libraryaddict.disguise.utilities.DisguiseTypesTest" time="0.001"/>
  <testcase name="testDisguiseType(EntityType)[69]" classname="me.libraryaddict.disguise.utilities.DisguiseTypesTest" time="0.0"/>
  <testcase name="testDisguiseType(EntityType)[70]" classname="me.libraryaddict.disguise.utilities.DisguiseTypesTest" time="0.0"/>
  <testcase name="testDisguiseType(EntityType)[71]" classname="me.libraryaddict.disguise.utilities.DisguiseTypesTest" time="0.001"/>
  <testcase name="testDisguiseType(EntityType)[72]" classname="me.libraryaddict.disguise.utilities.DisguiseTypesTest" time="0.001"/>
  <testcase name="testDisguiseType(EntityType)[73]" classname="me.libraryaddict.disguise.utilities.DisguiseTypesTest" time="0.001"/>
  <testcase name="testDisguiseType(EntityType)[74]" classname="me.libraryaddict.disguise.utilities.DisguiseTypesTest" time="0.0"/>
  <testcase name="testDisguiseType(EntityType)[75]" classname="me.libraryaddict.disguise.utilities.DisguiseTypesTest" time="0.001"/>
  <testcase name="testDisguiseType(EntityType)[76]" classname="me.libraryaddict.disguise.utilities.DisguiseTypesTest" time="0.001"/>
  <testcase name="testDisguiseType(EntityType)[77]" classname="me.libraryaddict.disguise.utilities.DisguiseTypesTest" time="0.001"/>
  <testcase name="testDisguiseType(EntityType)[78]" classname="me.libraryaddict.disguise.utilities.DisguiseTypesTest" time="0.001"/>
  <testcase name="testDisguiseType(EntityType)[79]" classname="me.libraryaddict.disguise.utilities.DisguiseTypesTest" time="0.001"/>
  <testcase name="testDisguiseType(EntityType)[80]" classname="me.libraryaddict.disguise.utilities.DisguiseTypesTest" time="0.001"/>
  <testcase name="testDisguiseType(EntityType)[81]" classname="me.libraryaddict.disguise.utilities.DisguiseTypesTest" time="0.001"/>
  <testcase name="testDisguiseType(EntityType)[82]" classname="me.libraryaddict.disguise.utilities.DisguiseTypesTest" time="0.0"/>
  <testcase name="testDisguiseType(EntityType)[83]" classname="me.libraryaddict.disguise.utilities.DisguiseTypesTest" time="0.0"/>
  <testcase name="testDisguiseType(EntityType)[84]" classname="me.libraryaddict.disguise.utilities.DisguiseTypesTest" time="0.001"/>
  <testcase name="testDisguiseType(EntityType)[85]" classname="me.libraryaddict.disguise.utilities.DisguiseTypesTest" time="0.001"/>
  <testcase name="testDisguiseType(EntityType)[86]" classname="me.libraryaddict.disguise.utilities.DisguiseTypesTest" time="0.001"/>
  <testcase name="testDisguiseType(EntityType)[87]" classname="me.libraryaddict.disguise.utilities.DisguiseTypesTest" time="0.001"/>
  <testcase name="testDisguiseType(EntityType)[88]" classname="me.libraryaddict.disguise.utilities.DisguiseTypesTest" time="0.0"/>
  <testcase name="testDisguiseType(EntityType)[89]" classname="me.libraryaddict.disguise.utilities.DisguiseTypesTest" time="0.0"/>
  <testcase name="testDisguiseType(EntityType)[90]" classname="me.libraryaddict.disguise.utilities.DisguiseTypesTest" time="0.0"/>
  <testcase name="testDisguiseType(EntityType)[91]" classname="me.libraryaddict.disguise.utilities.DisguiseTypesTest" time="0.001"/>
  <testcase name="testDisguiseType(EntityType)[92]" classname="me.libraryaddict.disguise.utilities.DisguiseTypesTest" time="0.001"/>
  <testcase name="testDisguiseType(EntityType)[93]" classname="me.libraryaddict.disguise.utilities.DisguiseTypesTest" time="0.001"/>
  <testcase name="testDisguiseType(EntityType)[94]" classname="me.libraryaddict.disguise.utilities.DisguiseTypesTest" time="0.0"/>
  <testcase name="testDisguiseType(EntityType)[95]" classname="me.libraryaddict.disguise.utilities.DisguiseTypesTest" time="0.0"/>
  <testcase name="testDisguiseType(EntityType)[96]" classname="me.libraryaddict.disguise.utilities.DisguiseTypesTest" time="0.0"/>
  <testcase name="testDisguiseType(EntityType)[97]" classname="me.libraryaddict.disguise.utilities.DisguiseTypesTest" time="0.001"/>
  <testcase name="testDisguiseType(EntityType)[98]" classname="me.libraryaddict.disguise.utilities.DisguiseTypesTest" time="0.0"/>
  <testcase name="testDisguiseType(EntityType)[99]" classname="me.libraryaddict.disguise.utilities.DisguiseTypesTest" time="0.0"/>
  <testcase name="testDisguiseType(EntityType)[100]" classname="me.libraryaddict.disguise.utilities.DisguiseTypesTest" time="0.0"/>
  <testcase name="testDisguiseType(EntityType)[101]" classname="me.libraryaddict.disguise.utilities.DisguiseTypesTest" time="0.0"/>
  <testcase name="testDisguiseType(EntityType)[102]" classname="me.libraryaddict.disguise.utilities.DisguiseTypesTest" time="0.0"/>
  <testcase name="testDisguiseType(EntityType)[103]" classname="me.libraryaddict.disguise.utilities.DisguiseTypesTest" time="0.0"/>
  <testcase name="testDisguiseType(EntityType)[104]" classname="me.libraryaddict.disguise.utilities.DisguiseTypesTest" time="0.0"/>
  <testcase name="testDisguiseType(EntityType)[105]" classname="me.libraryaddict.disguise.utilities.DisguiseTypesTest" time="0.0"/>
  <testcase name="testDisguiseType(EntityType)[106]" classname="me.libraryaddict.disguise.utilities.DisguiseTypesTest" time="0.001"/>
  <testcase name="testDisguiseType(EntityType)[107]" classname="me.libraryaddict.disguise.utilities.DisguiseTypesTest" time="0.0"/>
  <testcase name="testDisguiseType(EntityType)[108]" classname="me.libraryaddict.disguise.utilities.DisguiseTypesTest" time="0.0"/>
  <testcase name="testDisguiseType(EntityType)[109]" classname="me.libraryaddict.disguise.utilities.DisguiseTypesTest" time="0.0"/>
  <testcase name="testDisguiseType(EntityType)[110]" classname="me.libraryaddict.disguise.utilities.DisguiseTypesTest" time="0.0"/>
  <testcase name="testDisguiseType(EntityType)[111]" classname="me.libraryaddict.disguise.utilities.DisguiseTypesTest" time="0.001"/>
  <testcase name="testDisguiseType(EntityType)[112]" classname="me.libraryaddict.disguise.utilities.DisguiseTypesTest" time="0.0"/>
  <testcase name="testDisguiseType(EntityType)[113]" classname="me.libraryaddict.disguise.utilities.DisguiseTypesTest" time="0.001"/>
  <testcase name="testDisguiseType(EntityType)[114]" classname="me.libraryaddict.disguise.utilities.DisguiseTypesTest" time="0.001"/>
  <testcase name="testDisguiseType(EntityType)[115]" classname="me.libraryaddict.disguise.utilities.DisguiseTypesTest" time="0.0"/>
  <testcase name="testDisguiseType(EntityType)[116]" classname="me.libraryaddict.disguise.utilities.DisguiseTypesTest" time="0.001"/>
  <testcase name="testDisguiseType(EntityType)[117]" classname="me.libraryaddict.disguise.utilities.DisguiseTypesTest" time="0.0"/>
  <testcase name="testDisguiseType(EntityType)[118]" classname="me.libraryaddict.disguise.utilities.DisguiseTypesTest" time="0.001"/>
  <testcase name="testDisguiseType(EntityType)[119]" classname="me.libraryaddict.disguise.utilities.DisguiseTypesTest" time="0.001"/>
  <testcase name="testDisguiseType(EntityType)[120]" classname="me.libraryaddict.disguise.utilities.DisguiseTypesTest" time="0.001"/>
  <testcase name="testDisguiseType(EntityType)[121]" classname="me.libraryaddict.disguise.utilities.DisguiseTypesTest" time="0.0"/>
  <testcase name="testDisguiseType(EntityType)[122]" classname="me.libraryaddict.disguise.utilities.DisguiseTypesTest" time="0.001"/>
  <testcase name="testDisguiseType(EntityType)[123]" classname="me.libraryaddict.disguise.utilities.DisguiseTypesTest" time="0.0"/>
  <testcase name="testDisguiseType(EntityType)[124]" classname="me.libraryaddict.disguise.utilities.DisguiseTypesTest" time="0.001"/>
  <testcase name="testDisguiseType(EntityType)[125]" classname="me.libraryaddict.disguise.utilities.DisguiseTypesTest" time="0.001"/>
  <testcase name="testDisguiseType(EntityType)[126]" classname="me.libraryaddict.disguise.utilities.DisguiseTypesTest" time="0.001"/>
  <testcase name="testDisguiseType(EntityType)[127]" classname="me.libraryaddict.disguise.utilities.DisguiseTypesTest" time="0.001"/>
  <testcase name="testDisguiseSounds(DisguiseType)[1]" classname="me.libraryaddict.disguise.utilities.DisguiseTypesTest" time="0.254"/>
  <testcase name="testDisguiseSounds(DisguiseType)[2]" classname="me.libraryaddict.disguise.utilities.DisguiseTypesTest" time="0.001"/>
  <testcase name="testDisguiseSounds(DisguiseType)[3]" classname="me.libraryaddict.disguise.utilities.DisguiseTypesTest" time="0.001"/>
  <testcase name="testDisguiseSounds(DisguiseType)[4]" classname="me.libraryaddict.disguise.utilities.DisguiseTypesTest" time="0.001"/>
  <testcase name="testDisguiseSounds(DisguiseType)[5]" classname="me.libraryaddict.disguise.utilities.DisguiseTypesTest" time="0.001"/>
  <testcase name="testDisguiseSounds(DisguiseType)[6]" classname="me.libraryaddict.disguise.utilities.DisguiseTypesTest" time="0.001"/>
  <testcase name="testDisguiseSounds(DisguiseType)[7]" classname="me.libraryaddict.disguise.utilities.DisguiseTypesTest" time="0.003"/>
  <testcase name="testDisguiseSounds(DisguiseType)[8]" classname="me.libraryaddict.disguise.utilities.DisguiseTypesTest" time="0.001"/>
  <testcase name="testDisguiseSounds(DisguiseType)[9]" classname="me.libraryaddict.disguise.utilities.DisguiseTypesTest" time="0.001"/>
  <testcase name="testDisguiseSounds(DisguiseType)[10]" classname="me.libraryaddict.disguise.utilities.DisguiseTypesTest" time="0.001"/>
  <testcase name="testDisguiseSounds(DisguiseType)[11]" classname="me.libraryaddict.disguise.utilities.DisguiseTypesTest" time="0.001"/>
  <testcase name="testDisguiseSounds(DisguiseType)[12]" classname="me.libraryaddict.disguise.utilities.DisguiseTypesTest" time="0.0"/>
  <testcase name="testDisguiseSounds(DisguiseType)[13]" classname="me.libraryaddict.disguise.utilities.DisguiseTypesTest" time="0.001"/>
  <testcase name="testDisguiseSounds(DisguiseType)[14]" classname="me.libraryaddict.disguise.utilities.DisguiseTypesTest" time="0.001"/>
  <testcase name="testDisguiseSounds(DisguiseType)[15]" classname="me.libraryaddict.disguise.utilities.DisguiseTypesTest" time="0.0"/>
  <testcase name="testDisguiseSounds(DisguiseType)[16]" classname="me.libraryaddict.disguise.utilities.DisguiseTypesTest" time="0.0"/>
  <testcase name="testDisguiseSounds(DisguiseType)[17]" classname="me.libraryaddict.disguise.utilities.DisguiseTypesTest" time="0.001"/>
  <testcase name="testDisguiseSounds(DisguiseType)[18]" classname="me.libraryaddict.disguise.utilities.DisguiseTypesTest" time="0.0"/>
  <testcase name="testDisguiseSounds(DisguiseType)[19]" classname="me.libraryaddict.disguise.utilities.DisguiseTypesTest" time="0.0"/>
  <testcase name="testDisguiseSounds(DisguiseType)[20]" classname="me.libraryaddict.disguise.utilities.DisguiseTypesTest" time="0.001"/>
  <testcase name="testDisguiseSounds(DisguiseType)[21]" classname="me.libraryaddict.disguise.utilities.DisguiseTypesTest" time="0.001"/>
  <testcase name="testDisguiseSounds(DisguiseType)[22]" classname="me.libraryaddict.disguise.utilities.DisguiseTypesTest" time="0.0"/>
  <testcase name="testDisguiseSounds(DisguiseType)[23]" classname="me.libraryaddict.disguise.utilities.DisguiseTypesTest" time="0.001"/>
  <testcase name="testDisguiseSounds(DisguiseType)[24]" classname="me.libraryaddict.disguise.utilities.DisguiseTypesTest" time="0.0"/>
  <testcase name="testDisguiseSounds(DisguiseType)[25]" classname="me.libraryaddict.disguise.utilities.DisguiseTypesTest" time="0.001"/>
  <testcase name="testDisguiseSounds(DisguiseType)[26]" classname="me.libraryaddict.disguise.utilities.DisguiseTypesTest" time="0.001"/>
  <testcase name="testDisguiseSounds(DisguiseType)[27]" classname="me.libraryaddict.disguise.utilities.DisguiseTypesTest" time="0.001"/>
  <testcase name="testDisguiseSounds(DisguiseType)[28]" classname="me.libraryaddict.disguise.utilities.DisguiseTypesTest" time="0.001"/>
  <testcase name="testDisguiseSounds(DisguiseType)[29]" classname="me.libraryaddict.disguise.utilities.DisguiseTypesTest" time="0.001"/>
  <testcase name="testDisguiseSounds(DisguiseType)[30]" classname="me.libraryaddict.disguise.utilities.DisguiseTypesTest" time="0.001"/>
  <testcase name="testDisguiseSounds(DisguiseType)[31]" classname="me.libraryaddict.disguise.utilities.DisguiseTypesTest" time="0.001"/>
  <testcase name="testDisguiseSounds(DisguiseType)[32]" classname="me.libraryaddict.disguise.utilities.DisguiseTypesTest" time="0.002"/>
  <testcase name="testDisguiseSounds(DisguiseType)[33]" classname="me.libraryaddict.disguise.utilities.DisguiseTypesTest" time="0.0"/>
  <testcase name="testDisguiseSounds(DisguiseType)[34]" classname="me.libraryaddict.disguise.utilities.DisguiseTypesTest" time="0.0"/>
  <testcase name="testDisguiseSounds(DisguiseType)[35]" classname="me.libraryaddict.disguise.utilities.DisguiseTypesTest" time="0.001"/>
  <testcase name="testDisguiseSounds(DisguiseType)[36]" classname="me.libraryaddict.disguise.utilities.DisguiseTypesTest" time="0.001"/>
  <testcase name="testDisguiseSounds(DisguiseType)[37]" classname="me.libraryaddict.disguise.utilities.DisguiseTypesTest" time="0.001"/>
  <testcase name="testDisguiseSounds(DisguiseType)[38]" classname="me.libraryaddict.disguise.utilities.DisguiseTypesTest" time="0.0"/>
  <testcase name="testDisguiseSounds(DisguiseType)[39]" classname="me.libraryaddict.disguise.utilities.DisguiseTypesTest" time="0.001"/>
  <testcase name="testDisguiseSounds(DisguiseType)[40]" classname="me.libraryaddict.disguise.utilities.DisguiseTypesTest" time="0.001"/>
  <testcase name="testDisguiseSounds(DisguiseType)[41]" classname="me.libraryaddict.disguise.utilities.DisguiseTypesTest" time="0.0"/>
  <testcase name="testDisguiseSounds(DisguiseType)[42]" classname="me.libraryaddict.disguise.utilities.DisguiseTypesTest" time="0.002"/>
  <testcase name="testDisguiseSounds(DisguiseType)[43]" classname="me.libraryaddict.disguise.utilities.DisguiseTypesTest" time="0.002"/>
  <testcase name="testDisguiseSounds(DisguiseType)[44]" classname="me.libraryaddict.disguise.utilities.DisguiseTypesTest" time="0.001"/>
  <testcase name="testDisguiseSounds(DisguiseType)[45]" classname="me.libraryaddict.disguise.utilities.DisguiseTypesTest" time="0.001"/>
  <testcase name="testDisguiseSounds(DisguiseType)[46]" classname="me.libraryaddict.disguise.utilities.DisguiseTypesTest" time="0.001"/>
  <testcase name="testDisguiseSounds(DisguiseType)[47]" classname="me.libraryaddict.disguise.utilities.DisguiseTypesTest" time="0.001"/>
  <testcase name="testDisguiseSounds(DisguiseType)[48]" classname="me.libraryaddict.disguise.utilities.DisguiseTypesTest" time="0.0"/>
  <testcase name="testDisguiseSounds(DisguiseType)[49]" classname="me.libraryaddict.disguise.utilities.DisguiseTypesTest" time="0.0"/>
  <testcase name="testDisguiseSounds(DisguiseType)[50]" classname="me.libraryaddict.disguise.utilities.DisguiseTypesTest" time="0.0"/>
  <testcase name="testDisguiseSounds(DisguiseType)[51]" classname="me.libraryaddict.disguise.utilities.DisguiseTypesTest" time="0.001"/>
  <testcase name="testDisguiseSounds(DisguiseType)[52]" classname="me.libraryaddict.disguise.utilities.DisguiseTypesTest" time="0.0"/>
  <testcase name="testDisguiseSounds(DisguiseType)[53]" classname="me.libraryaddict.disguise.utilities.DisguiseTypesTest" time="0.001"/>
  <testcase name="testDisguiseSounds(DisguiseType)[54]" classname="me.libraryaddict.disguise.utilities.DisguiseTypesTest" time="0.0"/>
  <testcase name="testDisguiseSounds(DisguiseType)[55]" classname="me.libraryaddict.disguise.utilities.DisguiseTypesTest" time="0.001"/>
  <testcase name="testDisguiseSounds(DisguiseType)[56]" classname="me.libraryaddict.disguise.utilities.DisguiseTypesTest" time="0.0"/>
  <testcase name="testDisguiseSounds(DisguiseType)[57]" classname="me.libraryaddict.disguise.utilities.DisguiseTypesTest" time="0.001"/>
  <testcase name="testDisguiseSounds(DisguiseType)[58]" classname="me.libraryaddict.disguise.utilities.DisguiseTypesTest" time="0.0"/>
  <testcase name="testDisguiseSounds(DisguiseType)[59]" classname="me.libraryaddict.disguise.utilities.DisguiseTypesTest" time="0.001"/>
  <testcase name="testDisguiseSounds(DisguiseType)[60]" classname="me.libraryaddict.disguise.utilities.DisguiseTypesTest" time="0.0"/>
  <testcase name="testDisguiseSounds(DisguiseType)[61]" classname="me.libraryaddict.disguise.utilities.DisguiseTypesTest" time="0.001"/>
  <testcase name="testDisguiseSounds(DisguiseType)[62]" classname="me.libraryaddict.disguise.utilities.DisguiseTypesTest" time="0.0"/>
  <testcase name="testDisguiseSounds(DisguiseType)[63]" classname="me.libraryaddict.disguise.utilities.DisguiseTypesTest" time="0.0"/>
  <testcase name="testDisguiseSounds(DisguiseType)[64]" classname="me.libraryaddict.disguise.utilities.DisguiseTypesTest" time="0.002"/>
  <testcase name="testDisguiseSounds(DisguiseType)[65]" classname="me.libraryaddict.disguise.utilities.DisguiseTypesTest" time="0.001"/>
  <testcase name="testDisguiseSounds(DisguiseType)[66]" classname="me.libraryaddict.disguise.utilities.DisguiseTypesTest" time="0.001"/>
  <testcase name="testDisguiseSounds(DisguiseType)[67]" classname="me.libraryaddict.disguise.utilities.DisguiseTypesTest" time="0.0"/>
  <testcase name="testDisguiseSounds(DisguiseType)[68]" classname="me.libraryaddict.disguise.utilities.DisguiseTypesTest" time="0.001"/>
  <testcase name="testDisguiseSounds(DisguiseType)[69]" classname="me.libraryaddict.disguise.utilities.DisguiseTypesTest" time="0.001"/>
  <testcase name="testDisguiseSounds(DisguiseType)[70]" classname="me.libraryaddict.disguise.utilities.DisguiseTypesTest" time="0.001"/>
  <testcase name="testDisguiseSounds(DisguiseType)[71]" classname="me.libraryaddict.disguise.utilities.DisguiseTypesTest" time="0.001"/>
  <testcase name="testDisguiseSounds(DisguiseType)[72]" classname="me.libraryaddict.disguise.utilities.DisguiseTypesTest" time="0.001"/>
  <testcase name="testDisguiseSounds(DisguiseType)[73]" classname="me.libraryaddict.disguise.utilities.DisguiseTypesTest" time="0.0"/>
  <testcase name="testDisguiseSounds(DisguiseType)[74]" classname="me.libraryaddict.disguise.utilities.DisguiseTypesTest" time="0.0"/>
  <testcase name="testDisguiseSounds(DisguiseType)[75]" classname="me.libraryaddict.disguise.utilities.DisguiseTypesTest" time="0.0"/>
  <testcase name="testDisguiseSounds(DisguiseType)[76]" classname="me.libraryaddict.disguise.utilities.DisguiseTypesTest" time="0.0"/>
  <testcase name="testDisguiseSounds(DisguiseType)[77]" classname="me.libraryaddict.disguise.utilities.DisguiseTypesTest" time="0.0"/>
  <testcase name="testDisguiseSounds(DisguiseType)[78]" classname="me.libraryaddict.disguise.utilities.DisguiseTypesTest" time="0.0"/>
  <testcase name="testDisguiseSounds(DisguiseType)[79]" classname="me.libraryaddict.disguise.utilities.DisguiseTypesTest" time="0.001"/>
  <testcase name="testDisguiseSounds(DisguiseType)[80]" classname="me.libraryaddict.disguise.utilities.DisguiseTypesTest" time="0.001"/>
  <testcase name="testDisguiseSounds(DisguiseType)[81]" classname="me.libraryaddict.disguise.utilities.DisguiseTypesTest" time="0.001"/>
  <testcase name="testDisguiseSounds(DisguiseType)[82]" classname="me.libraryaddict.disguise.utilities.DisguiseTypesTest" time="0.0"/>
  <testcase name="testDisguiseSounds(DisguiseType)[83]" classname="me.libraryaddict.disguise.utilities.DisguiseTypesTest" time="0.0"/>
  <testcase name="testDisguiseSounds(DisguiseType)[84]" classname="me.libraryaddict.disguise.utilities.DisguiseTypesTest" time="0.0"/>
  <testcase name="testDisguiseSounds(DisguiseType)[85]" classname="me.libraryaddict.disguise.utilities.DisguiseTypesTest" time="0.0"/>
  <testcase name="testDisguiseSounds(DisguiseType)[86]" classname="me.libraryaddict.disguise.utilities.DisguiseTypesTest" time="0.0"/>
  <testcase name="testDisguiseSounds(DisguiseType)[87]" classname="me.libraryaddict.disguise.utilities.DisguiseTypesTest" time="0.0"/>
  <testcase name="testDisguiseSounds(DisguiseType)[88]" classname="me.libraryaddict.disguise.utilities.DisguiseTypesTest" time="0.0"/>
  <testcase name="testDisguiseSounds(DisguiseType)[89]" classname="me.libraryaddict.disguise.utilities.DisguiseTypesTest" time="0.0"/>
  <testcase name="testDisguiseSounds(DisguiseType)[90]" classname="me.libraryaddict.disguise.utilities.DisguiseTypesTest" time="0.0"/>
  <testcase name="testDisguiseSounds(DisguiseType)[91]" classname="me.libraryaddict.disguise.utilities.DisguiseTypesTest" time="0.0"/>
  <testcase name="testDisguiseSounds(DisguiseType)[92]" classname="me.libraryaddict.disguise.utilities.DisguiseTypesTest" time="0.001"/>
  <testcase name="testDisguiseSounds(DisguiseType)[93]" classname="me.libraryaddict.disguise.utilities.DisguiseTypesTest" time="0.001"/>
  <testcase name="testDisguiseSounds(DisguiseType)[94]" classname="me.libraryaddict.disguise.utilities.DisguiseTypesTest" time="0.0"/>
  <testcase name="testDisguiseSounds(DisguiseType)[95]" classname="me.libraryaddict.disguise.utilities.DisguiseTypesTest" time="0.0"/>
  <testcase name="testDisguiseSounds(DisguiseType)[96]" classname="me.libraryaddict.disguise.utilities.DisguiseTypesTest" time="0.0"/>
  <testcase name="testDisguiseSounds(DisguiseType)[97]" classname="me.libraryaddict.disguise.utilities.DisguiseTypesTest" time="0.0"/>
  <testcase name="testDisguiseSounds(DisguiseType)[98]" classname="me.libraryaddict.disguise.utilities.DisguiseTypesTest" time="0.0"/>
  <testcase name="testDisguiseSounds(DisguiseType)[99]" classname="me.libraryaddict.disguise.utilities.DisguiseTypesTest" time="0.0"/>
  <testcase name="testDisguiseSounds(DisguiseType)[100]" classname="me.libraryaddict.disguise.utilities.DisguiseTypesTest" time="0.001"/>
  <testcase name="testDisguiseSounds(DisguiseType)[101]" classname="me.libraryaddict.disguise.utilities.DisguiseTypesTest" time="0.001"/>
  <testcase name="testDisguiseSounds(DisguiseType)[102]" classname="me.libraryaddict.disguise.utilities.DisguiseTypesTest" time="0.0"/>
  <testcase name="testDisguiseSounds(DisguiseType)[103]" classname="me.libraryaddict.disguise.utilities.DisguiseTypesTest" time="0.0"/>
  <testcase name="testDisguiseSounds(DisguiseType)[104]" classname="me.libraryaddict.disguise.utilities.DisguiseTypesTest" time="0.001"/>
  <testcase name="testDisguiseSounds(DisguiseType)[105]" classname="me.libraryaddict.disguise.utilities.DisguiseTypesTest" time="0.001"/>
  <testcase name="testDisguiseSounds(DisguiseType)[106]" classname="me.libraryaddict.disguise.utilities.DisguiseTypesTest" time="0.0"/>
  <testcase name="testDisguiseSounds(DisguiseType)[107]" classname="me.libraryaddict.disguise.utilities.DisguiseTypesTest" time="0.0"/>
  <testcase name="testDisguiseSounds(DisguiseType)[108]" classname="me.libraryaddict.disguise.utilities.DisguiseTypesTest" time="0.0"/>
  <testcase name="testDisguiseSounds(DisguiseType)[109]" classname="me.libraryaddict.disguise.utilities.DisguiseTypesTest" time="0.0"/>
  <testcase name="testDisguiseSounds(DisguiseType)[110]" classname="me.libraryaddict.disguise.utilities.DisguiseTypesTest" time="0.001"/>
  <testcase name="testDisguiseSounds(DisguiseType)[111]" classname="me.libraryaddict.disguise.utilities.DisguiseTypesTest" time="0.0"/>
  <testcase name="testDisguiseSounds(DisguiseType)[112]" classname="me.libraryaddict.disguise.utilities.DisguiseTypesTest" time="0.0"/>
  <testcase name="testDisguiseSounds(DisguiseType)[113]" classname="me.libraryaddict.disguise.utilities.DisguiseTypesTest" time="0.0"/>
  <testcase name="testDisguiseSounds(DisguiseType)[114]" classname="me.libraryaddict.disguise.utilities.DisguiseTypesTest" time="0.0"/>
  <testcase name="testDisguiseSounds(DisguiseType)[115]" classname="me.libraryaddict.disguise.utilities.DisguiseTypesTest" time="0.001"/>
  <testcase name="testDisguiseSounds(DisguiseType)[116]" classname="me.libraryaddict.disguise.utilities.DisguiseTypesTest" time="0.0"/>
  <testcase name="testDisguiseSounds(DisguiseType)[117]" classname="me.libraryaddict.disguise.utilities.DisguiseTypesTest" time="0.0"/>
  <testcase name="testDisguiseSounds(DisguiseType)[118]" classname="me.libraryaddict.disguise.utilities.DisguiseTypesTest" time="0.0"/>
  <testcase name="testDisguiseSounds(DisguiseType)[119]" classname="me.libraryaddict.disguise.utilities.DisguiseTypesTest" time="0.001"/>
  <testcase name="testDisguiseSounds(DisguiseType)[120]" classname="me.libraryaddict.disguise.utilities.DisguiseTypesTest" time="0.0"/>
  <testcase name="testDisguiseSounds(DisguiseType)[121]" classname="me.libraryaddict.disguise.utilities.DisguiseTypesTest" time="0.0"/>
  <testcase name="testDisguiseSounds(DisguiseType)[122]" classname="me.libraryaddict.disguise.utilities.DisguiseTypesTest" time="0.001"/>
  <testcase name="testDisguiseSounds(DisguiseType)[123]" classname="me.libraryaddict.disguise.utilities.DisguiseTypesTest" time="0.0"/>
  <testcase name="testDisguiseSounds(DisguiseType)[124]" classname="me.libraryaddict.disguise.utilities.DisguiseTypesTest" time="0.001"/>
  <testcase name="testDisguiseSounds(DisguiseType)[125]" classname="me.libraryaddict.disguise.utilities.DisguiseTypesTest" time="0.001"/>
  <testcase name="testDisguiseSounds(DisguiseType)[126]" classname="me.libraryaddict.disguise.utilities.DisguiseTypesTest" time="0.001"/>
  <testcase name="testDisguiseSounds(DisguiseType)[127]" classname="me.libraryaddict.disguise.utilities.DisguiseTypesTest" time="0.001"/>
  <testcase name="testDisguiseSounds(DisguiseType)[128]" classname="me.libraryaddict.disguise.utilities.DisguiseTypesTest" time="0.001"/>
  <testcase name="testDisguiseSounds(DisguiseType)[129]" classname="me.libraryaddict.disguise.utilities.DisguiseTypesTest" time="0.001"/>
  <testcase name="testDisguiseSounds(DisguiseType)[130]" classname="me.libraryaddict.disguise.utilities.DisguiseTypesTest" time="0.001"/>
</testsuite>